<?xml version="1.0" encoding="UTF-8"?>
<!-- Generated by org.testng.reporters.JUnitReportReporter -->
<testsuite skipped="0" hostname="DESKTOP-CT418TE" name="Regression" tests="1" failures="0" timestamp="13 Oct 2018 14:53:58 GMT" time="0.012" errors="0">
  <testcase name="display" time="0.012" classname="Regression"/>
</testsuite> <!-- Regression -->
